<?xml version="1.0" encoding="UTF-8"?>
<testng-results skipped="0" failed="0" total="1" passed="1">
  <reporter-output>
  </reporter-output>
  <suite name="Default suite" duration-ms="824" started-at="2017-11-24T08:56:26Z" finished-at="2017-11-24T08:56:27Z">
    <groups>
    </groups>
    <test name="Default test" duration-ms="824" started-at="2017-11-24T08:56:26Z" finished-at="2017-11-24T08:56:27Z">
      <class name="com.topicme.solr.dao.WebPageRespositoryTest">
        <test-method status="PASS" signature="setup()[pri:0, instance:com.topicme.solr.dao.WebPageRespositoryTest@6cc4c815]" name="setup" is-config="true" duration-ms="562" started-at="2017-11-24T00:56:26Z" finished-at="2017-11-24T00:56:27Z">
          <reporter-output>
          </reporter-output>
        </test-method> <!-- setup -->
        <test-method status="PASS" signature="test1()[pri:0, instance:com.topicme.solr.dao.WebPageRespositoryTest@6cc4c815]" name="test1" duration-ms="251" started-at="2017-11-24T00:56:27Z" finished-at="2017-11-24T00:56:27Z">
          <reporter-output>
          </reporter-output>
        </test-method> <!-- test1 -->
      </class> <!-- com.topicme.solr.dao.WebPageRespositoryTest -->
    </test> <!-- Default test -->
  </suite> <!-- Default suite -->
</testng-results>
